GET /api/maintenances/planning/all/1 200 5387 - 235.432 ms
GET /api/maintenances/planning/all/1 304 - - 1153.147 ms
GET /api/maintenances/planning/all/1 404 2 - 754.563 ms
GET /api/maintenances/planning/all/1 404 2 - 236.786 ms
GET /api/maintenances/planning/all/1 404 2 - 5.237 ms
POST /api/maintenances/planning 200 3342 - 837.465 ms
GET /api/maintenances/planning/all/1 200 2644 - 94.139 ms
GET /api/maintenances/planning/all/1 304 - - 188.271 ms
POST /api/maintenances/planning 200 879 - 227.856 ms
GET /api/maintenances/planning/all/1 304 - - 213.465 ms
GET /api/maintenances/planning/all/1 304 - - 161.270 ms
GET /api/maintenances/planning/all/1 304 - - 120.507 ms
GET /api/maintenances/planning/all/1 304 - - 117.417 ms
GET /api/maintenances/planning/all/1 304 - - 65.962 ms
GET /api/maintenances/planning/all/1 304 - - 7.519 ms
GET /api/maintenances/planning/all/1 304 - - 253.694 ms
POST /api/maintenances/planning 200 879 - 301.500 ms
POST /api/maintenances/planning 200 879 - 92.966 ms
POST /api/maintenances/planning 200 3333 - 646.159 ms
GET /api/maintenances/planning/all/1 200 2645 - 69.213 ms
GET /api/maintenances/planning/all/1 200 2645 - 278.995 ms
GET /api/maintenances/planning/all/1 304 - - 97.457 ms
GET /api/maintenances/planning/all/1 304 - - 80.452 ms
GET /api/maintenances/planning/all/1 304 - - 141.578 ms
GET /api/maintenances/planning/all/1 304 - - 72.699 ms
GET /api/maintenances/planning/all/1 304 - - 61.276 ms
GET /api/maintenances/planning/all/1 304 - - 95.282 ms
GET /api/maintenances/planning/all/1 304 - - 109.340 ms
GET /api/maintenances/planning/all/1 304 - - 134.135 ms
GET /api/maintenances/planning/all/1 304 - - 97.126 ms
GET /api/maintenances/planning/all/1 304 - - 162.045 ms
GET /api/maintenances/planning/all/1 304 - - 108.783 ms
GET /api/maintenances/planning/all/1 304 - - 138.749 ms
GET /api/maintenances/planning/all/1 304 - - 84.195 ms
GET /api/maintenances/planning/all/1 304 - - 432.424 ms
GET /api/maintenances/planning/all/1 304 - - 121.737 ms
GET /api/maintenances/planning/all/1 304 - - 86.335 ms
GET /api/maintenances/planning/all/1 304 - - 176.697 ms
GET /api/maintenances/planning/all/1 304 - - 100.902 ms
GET /api/maintenances/planning/all/1 304 - - 144.567 ms
GET /api/maintenances/planning/all/1 304 - - 127.335 ms
GET /api/maintenances/planning/all/1 304 - - 101.122 ms
GET /api/maintenances/planning/all/1 304 - - 89.222 ms
GET /api/maintenances/planning/all/1 304 - - 540.273 ms
GET /api/maintenances/planning/all/1 304 - - 197.538 ms
GET /api/maintenances/planning/all/1 304 - - 166.871 ms
GET /api/maintenances/planning/all/1 304 - - 127.511 ms
GET /api/maintenances/planning/all/1 304 - - 378.920 ms
GET /api/maintenances/planning/all/1 304 - - 523.856 ms
GET /api/maintenances/planning/all/1 304 - - 484.957 ms
GET /api/maintenances/planning/all/1 304 - - 116.816 ms
GET /api/maintenances/planning/all/1 304 - - 130.096 ms
GET /api/maintenances/planning/all/1 304 - - 322.185 ms
GET /api/maintenances/planning/all/1 304 - - 228.662 ms
GET /api/maintenances/planning/all/1 304 - - 857.131 ms
GET /api/maintenances/planning/all/1 304 - - 123.585 ms
GET /api/maintenances/planning/all/1 304 - - 336.397 ms
POST /api/maintenances/planning/all/1 404 171 - 1748.846 ms
GET /api/maintenances/planning/all/1 304 - - 218.083 ms
POST /api/maintenances/planning 200 3362 - 1122.986 ms
POST /api/maintenances/planning 200 3362 - 439.898 ms
POST /api/maintenances/planning 200 879 - 461.144 ms
POST /api/maintenances/planning 200 879 - 552.799 ms
POST /api/maintenances/planning 200 3362 - 544.562 ms
POST /api/maintenances/planning 200 879 - 272.848 ms
GET /api/maintenances/planning/all/1 304 - - 577.312 ms
GET /api/maintenances/planning/all/1 304 - - 247.140 ms
GET /api/maintenances/planning/all/1 304 - - 5.701 ms
GET /api/maintenances/planning/all/1 304 - - 144.012 ms
GET /api/maintenances/planning/all/1 304 - - 370.233 ms
GET /api/maintenances/planning/all/1 304 - - 103.691 ms
GET /api/maintenances/planning/all/1 304 - - 136.864 ms
GET /api/maintenances/planning/all/1 304 - - 55.929 ms
GET /api/maintenances/planning/all/1 304 - - 62.067 ms
GET /api/maintenances/planning/all/1 304 - - 66.114 ms
GET /api/maintenances/planning/all/1 304 - - 13.486 ms
GET /api/maintenances/planning/all/1 304 - - 88.684 ms
GET /api/maintenances/planning/all/1 304 - - 95.630 ms
GET /api/maintenances/planning/all/1 304 - - 5.994 ms
GET /api/maintenances/planning/all/1 304 - - 6.631 ms
GET /api/maintenances/planning/all/1 304 - - 89.460 ms
GET /api/maintenances/planning/all/1 304 - - 71.064 ms
GET /api/maintenances/planning/all/1 304 - - 112.512 ms
GET /api/maintenances/planning/all/1 304 - - 76.580 ms
GET /api/maintenances/planning/all/1 304 - - 131.832 ms
GET /api/maintenances/planning/all/1 304 - - 62.934 ms
GET /api/maintenances/planning/all/1 304 - - 130.488 ms
GET /api/maintenances/planning/all/1 304 - - 100.375 ms
GET /api/maintenances/planning/all/1 304 - - 70.806 ms
GET /api/maintenances/planning/all/1 304 - - 62.811 ms
GET /api/maintenances/planning/all/1 304 - - 63.885 ms
GET /api/maintenances/planning/all/1 304 - - 84.056 ms
GET /api/maintenances/planning/all/1 304 - - 77.703 ms
GET /api/maintenances/planning/all/1 304 - - 68.084 ms
GET /api/maintenances/planning/all/1 304 - - 85.700 ms
GET /api/maintenances/planning/all/1 304 - - 59.590 ms
GET /api/maintenances/planning/all/1 304 - - 4.147 ms
GET /api/maintenances/planning/all/1 304 - - 75.928 ms
GET /api/maintenances/planning/all/1 304 - - 6.673 ms
GET /api/maintenances/planning/all/1 304 - - 168.368 ms
GET /api/maintenances/planning/all/1 304 - - 4.902 ms
GET /api/maintenances/planning/all/1 304 - - 293.852 ms
GET /api/maintenances/planning/all/1 304 - - 4.803 ms
GET /api/maintenances/planning/all/1 304 - - 75.122 ms
GET /api/maintenances/planning/all/1 304 - - 8.216 ms
GET /api/maintenances/planning/all/1 304 - - 469.451 ms
POST /api/files/carnet-de-bord - - - - ms
GET /api/maintenances/planning/all/1 304 - - 73.726 ms
GET /api/maintenances/planning/all/1 304 - - 75.409 ms
GET /api/maintenances/planning/all/1 304 - - 452.344 ms
GET /api/maintenances/planning/all/1 304 - - 933.840 ms
GET /api/maintenances/planning/all/1 304 - - 198.924 ms
GET /api/maintenances/planning/all/1 304 - - 123.425 ms
GET /api/maintenances/planning/all/1 304 - - 123.114 ms
GET /api/maintenances/planning/all/1 304 - - 240.908 ms
GET /api/maintenances/planning/all/1 304 - - 216.136 ms
GET /api/maintenances/planning/all/1 304 - - 77.251 ms
GET /api/maintenances/planning/all/1 304 - - 149.318 ms
GET /api/maintenances/planning/all/1 304 - - 118.210 ms
GET /api/maintenances/planning/all/1 304 - - 276.513 ms
GET /api/maintenances/planning/all/1 304 - - 59.198 ms
GET /api/maintenances/planning/all/1 304 - - 64.266 ms
GET /api/maintenances/planning/all/1 304 - - 101.172 ms
GET /api/maintenances/planning/all/1 304 - - 6.218 ms
GET /api/maintenances/planning/all/1 304 - - 196.740 ms
GET /api/maintenances/planning/all/1 304 - - 96.151 ms
GET /api/maintenances/planning/all/1 304 - - 151.426 ms
GET /api/maintenances/planning/all/1 304 - - 146.242 ms
GET /api/maintenances/planning/all/1 304 - - 881.016 ms
POST /api/files/carnet-de-bord - - - - ms
GET /api/maintenances/planning/all/1 304 - - 234.556 ms
GET /api/maintenances/planning/all/1 304 - - 241.903 ms
POST /api/files/carnet-de-bord 200 2 - 1521.264 ms
POST /api/files/carnet-de-bord 200 2 - 385.484 ms
GET /api/maintenances/planning/all/1 404 2 - 205.506 ms
GET /api/maintenances/planning/all/1 404 2 - 166.822 ms
GET /api/maintenances/planning/all/1 404 2 - 181.406 ms
GET /api/maintenances/planning/all/1 200 178 - 229.204 ms
GET /api/maintenances/planning/all/1 304 - - 65.148 ms
POST /api/maintenances/planning 200 3324 - 591.404 ms
GET /api/maintenances/planning/all/1 200 2793 - 246.346 ms
POST /api/maintenances/planning 200 879 - 966.791 ms
GET /api/maintenances/planning/all/1 200 178 - 94.903 ms
POST /api/maintenances/planning 200 3333 - 444.626 ms
GET /api/maintenances/planning/all/1 200 282 - 100.631 ms
POST /api/maintenances/planning 200 3096 - 1170.740 ms
GET /api/maintenances/planning/all/1 200 2654 - 7.360 ms
GET /api/maintenances/planning/all/1 200 48 - 162.554 ms
GET /api/maintenances/planning/all/1 304 - - 98.836 ms
GET /api/maintenances/planning/all/1 200 292 - 105.169 ms
POST /api/maintenances/planning 200 3096 - 428.914 ms
GET /api/maintenances/planning/all/1 200 2754 - 10.284 ms
GET /api/maintenances/planning/all/1 200 292 - 88.326 ms
GET /api/maintenances/planning/all/1 304 - - 81.988 ms
GET /api/maintenances/planning/all/1 304 - - 3.634 ms
POST /api/maintenances/planning 200 3097 - 372.774 ms
GET /api/maintenances/planning/all/1 200 2755 - 5.938 ms
POST /api/maintenances/planning 200 879 - 707.417 ms
POST /api/maintenances/planning 200 879 - 361.058 ms
POST /api/files/carnet-de-bord 200 2 - 240.722 ms
POST /api/files/carnet-de-bord 200 2 - 175.697 ms
GET /api/files/fiche-controle-couts 404 2 - 617.594 ms
POST /api/files/fiche-controle-couts 200 2 - 479.801 ms
POST /api/files/fiche-controle-couts 200 2 - 246.222 ms
POST /api/files/fiche-controle-couts 200 2 - 209.051 ms
POST /api/files/fiche-controle-couts 200 2 - 348.154 ms
POST /api/files/fiche-controle-couts 200 2 - 219.675 ms
POST /api/files/fiche-controle-couts 200 2 - 51.208 ms
POST /api/reports/ 200 25 - 107.637 ms
GET /api/reports/activite_vehicules 200 55030 - 8532.712 ms
GET /api/reports/activite_vehicules 200 55030 - 5217.773 ms
GET /api/reports/activite_vehicules 200 55030 - 423.289 ms
POST /api/files/carnet-de-bord 200 2 - 239.060 ms
DELETE /api/reports/activite_vehicules 200 34 - 8.454 ms
DELETE /api/reports/activite_vehicules 200 41 - 1172.569 ms
DELETE /api/reports/activite_vehicules 200 134 - 4.973 ms
GET /api/reports/ 200 131 - 5.684 ms
GET /api/reports/ 200 39 - 4.851 ms
GET /api/reports/ 200 66 - 5.663 ms
DELETE /api/reports/test 200 119 - 1.786 ms
DELETE /api/reports/test 200 78 - 7.786 ms
DELETE /api/reports/test 200 41 - 10.113 ms
DELETE /api/reports/test2 200 41 - 116.500 ms
POST /api/reports/ 200 25 - 155.058 ms
POST /api/reports/ 200 25 - 118.833 ms
POST /api/reports/ 200 25 - 142.404 ms
GET /api/reports/ 200 147 - 99.141 ms
GET /api/reports/activite_vehicules 200 55065 - 9116.957 ms
GET /api/reports/suivi_vehicules 200 85179 - 400.608 ms
GET /api/reports/suivi_vehicules 200 85179 - 276.473 ms
GET /api/reports/suivi_couts 200 157613 - 545.162 ms
DELETE /api/reports/activite_vehicules 200 41 - 193.452 ms
POST /api/reports/ 200 25 - 121.892 ms
GET /api/reports/activite_vehicules 200 55065 - 224.496 ms
DELETE /api/reports/suivi_vehicules 200 41 - 104.890 ms
POST /api/reports/ 200 25 - 118.023 ms
GET /api/reports/suivi_vehicules 200 85179 - 214.458 ms
DELETE /api/reports/activite_vehicules 200 41 - 108.778 ms
DELETE /api/reports/suivi_vehicules - - - - ms
DELETE /api/reports/suivi_vehicules - - - - ms
DELETE /api/reports/suivi_couts 200 41 - 175.842 ms
DELETE /api/reports/suivi_vehicules - - - - ms
DELETE /api/reports/suivi_vehicules 200 41 - 101.919 ms
POST /api/reports/ 200 25 - 163.891 ms
POST /api/reports/ 200 25 - 118.842 ms
POST /api/reports/ 200 25 - 213.802 ms
GET /api/reports/suivi_vehicules 200 0 - 2.516 ms
GET /api/reports/activite_vehicules 200 0 - 1.080 ms
GET /api/reports/suivi_couts 200 0 - 1.529 ms
GET /api/reports/suivi_couts 200 0 - 3.970 ms
GET /api/reports/suivi_couts 200 0 - 7.389 ms
GET /api/reports/suivi_vehicules 200 0 - 1.268 ms
GET /api/reports/activite_vehicules 200 0 - 5.172 ms
GET /api/reports/activite_vehicules 200 129958 - 7959.862 ms
GET /api/reports/suivi_vehicules 200 85179 - 353.984 ms
GET /api/reports/suivi_couts 200 157613 - 520.673 ms
DELETE /api/reports/suivi_vehicules 200 41 - 155.794 ms
DELETE /api/reports/activite_vehicules 200 41 - 453.726 ms
DELETE /api/reports/suivi_couts 200 41 - 9.271 ms
POST /api/reports/ 200 25 - 126.655 ms
POST /api/reports/ 200 25 - 1091.869 ms
POST /api/reports/ 200 25 - 122.489 ms
GET /api/reports/suivi_couts 200 157614 - 498.975 ms
GET /api/reports/suivi_vehicules 200 85179 - 244.522 ms
GET /api/reports/activite_vehicules 200 129959 - 364.020 ms
GET /api/maintenances/planning/all/1 200 292 - 478.288 ms
POST /api/maintenances/planning 200 3362 - 2619.438 ms
GET /api/maintenances/planning/all/1 200 3045 - 11.735 ms
GET /api/maintenances/planning/all/1 304 - - 101.680 ms
GET /api/maintenances/planning/all/1 304 - - 98.409 ms
GET /api/maintenances/planning/all/1 304 - - 336.084 ms
GET /api/reports/ 200 44 - 22301.380 ms
GET /api/reports/ 200 44 - 6571.578 ms
GET /api/reports/ 200 200 - 140253.785 ms
GET /api/reports/ 200 200 - 4.070 ms
